Welcome to Xilinx CORE Generator.
Gathering Resource Utilization information...
Line: /home/ise/.local/Xilinx/10.1/ISE/bin/lin64/unwrapped/ngdbuild
-intstyle silent -dd /home/ise/workspace/mlx90640_fpga/ise101/ipcore_dir/tmp/_cg
/home/ise/workspace/mlx90640_fpga/ise101/ipcore_dir/float2fixed.ngc
/home/ise/workspace/mlx90640_fpga/ise101/ipcore_dir/tmp/_cg/float2fixed.ngd

Reading NGO file
"/home/ise/workspace/mlx90640_fpga/ise101/ipcore_dir/float2fixed.ngc" ...
constraint information from source properties...
Done.

Resolving constraint associations...
Checking Constraint Associations...
Done...
Checking Partitions ...

Checking expanded design ...
WARNING:NgdBuild:440 - FF primitive 'blk00000003/blk00000034' has unconnected
   output pin
WARNING:NgdBuild:440 - FF primitive 'blk00000003/blk000000b1' has unconnected
   output pin
WARNING:NgdBuild:440 - FF primitive 'blk00000003/blk000000b3' has unconnected
   output pin
WARNING:NgdBuild:440 - FF primitive 'blk00000003/blk000000be' has unconnected
   output pin
WARNING:NgdBuild:440 - FF primitive 'blk00000003/blk000000bf' has unconnected
   output pin
WARNING:NgdBuild:440 - FF primitive 'blk00000003/blk000000c0' has unconnected
   output pin
WARNING:NgdBuild:440 - FF primitive 'blk00000003/blk000000c1' has unconnected
   output pin
WARNING:NgdBuild:440 - FF primitive 'blk00000003/blk000000c2' has unconnected
   output pin
WARNING:NgdBuild:440 - FF primitive 'blk00000003/blk000000c3' has unconnected
   output pin

Partition Implementation Status
-------------------------------

  No Partitions were found in this design.

-------------------------------

NGDBUILD Design Results Summary:
  Number of errors:     0
  Number of warnings:   9

Writing NGD file
"/home/ise/workspace/mlx90640_fpga/ise101/ipcore_dir/tmp/_cg/float2fixed.ngd"
...

Writing NGDBUILD log file
"/home/ise/workspace/mlx90640_fpga/ise101/ipcore_dir/tmp/_cg/float2fixed.bld"...

NGDBUILD done.
Gathering Resource Utilization information...
Line: /home/ise/.local/Xilinx/10.1/ISE/bin/lin64/unwrapped/ngdbuild
-intstyle silent -dd /home/ise/workspace/mlx90640_fpga/ise101/ipcore_dir/tmp/_cg
/home/ise/workspace/mlx90640_fpga/ise101/ipcore_dir/addfp.ngc
/home/ise/workspace/mlx90640_fpga/ise101/ipcore_dir/tmp/_cg/addfp.ngd

Reading NGO file "/home/ise/workspace/mlx90640_fpga/ise101/ipcore_dir/addfp.ngc"
...
constraint information from source properties...
Done.

Resolving constraint associations...
Checking Constraint Associations...
Done...
Checking Partitions ...

Checking expanded design ...
Implementation Status
-------------------------------

  No Partitions were found in this design.

-------------------------------

NGDBUILD Design Results Summary:
  Number of errors:     0
  Number of warnings:   0

Writing NGD file
"/home/ise/workspace/mlx90640_fpga/ise101/ipcore_dir/tmp/_cg/addfp.ngd" ...

Writing NGDBUILD log file
"/home/ise/workspace/mlx90640_fpga/ise101/ipcore_dir/tmp/_cg/addfp.bld"...

NGDBUILD done.
Closed project file.
