Release 14.7 - xst P.20131013 (lin64)
Copyright (c) 1995-2013 Xilinx, Inc.  All rights reserved.
--> 
Parameter TMPDIR set to xst/projnav.tmp


Total REAL time to Xst completion: 0.00 secs
Total CPU time to Xst completion: 0.05 secs
 
--> 
Parameter xsthdpdir set to xst


Total REAL time to Xst completion: 0.00 secs
Total CPU time to Xst completion: 0.05 secs
 
--> 
WARNING:Xst:1583 - You are using an internal switch '-use_new_parser'.
WARNING:Xst:3152 - You have chosen to run a version of XST which is not the default solution
   for the specified device family. You are free to use it in order to take
   advantage of its enhanced HDL parsing/elaboration capabilities. However,
   please be aware that you may be impacted by  language support differences.
   This version may also result in circuit performance and device utilization
   differences for your particular design. You can always revert back to the
   default XST solution by setting the "use_new_parser" option to value "no" 
   on the XST command line or in the XST process properties panel.
Reading design: calculateTa.prj

TABLE OF CONTENTS
  1) Synthesis Options Summary
  2) HDL Parsing
  3) HDL Elaboration
  4) HDL Synthesis
       4.1) HDL Synthesis Report
  5) Advanced HDL Synthesis
       5.1) Advanced HDL Synthesis Report
  6) Low Level Synthesis
  7) Partition Report
  8) Design Summary
       8.1) Primitive and Black Box Usage
       8.2) Device utilization summary
       8.3) Partition Resource Summary
       8.4) Timing Report
            8.4.1) Clock Information
            8.4.2) Asynchronous Control Signals Information
            8.4.3) Timing Summary
            8.4.4) Timing Details
            8.4.5) Cross Clock Domains Report


=========================================================================
*                      Synthesis Options Summary                        *
=========================================================================
---- Source Parameters
Input File Name                    : "calculateTa.prj"
Input Format                       : mixed
Ignore Synthesis Constraint File   : NO

---- Target Parameters
Output File Name                   : "calculateTa"
Output Format                      : NGC
Target Device                      : xc3s1200e-4-fg320

---- Source Options
Use New Parser                     : yes
Top Module Name                    : calculateTa
Automatic FSM Extraction           : YES
FSM Encoding Algorithm             : Auto
Safe Implementation                : No
FSM Style                          : LUT
RAM Extraction                     : Yes
RAM Style                          : Auto
ROM Extraction                     : Yes
Mux Style                          : Auto
Decoder Extraction                 : YES
Priority Encoder Extraction        : Yes
Shift Register Extraction          : YES
Logical Shifter Extraction         : YES
XOR Collapsing                     : YES
ROM Style                          : Auto
Mux Extraction                     : Yes
Resource Sharing                   : YES
Asynchronous To Synchronous        : NO
Multiplier Style                   : Auto
Automatic Register Balancing       : No

---- Target Options
Add IO Buffers                     : YES
Global Maximum Fanout              : 100000
Add Generic Clock Buffer(BUFG)     : 16
Register Duplication               : YES
Slice Packing                      : YES
Optimize Instantiated Primitives   : NO
Use Clock Enable                   : Yes
Use Synchronous Set                : Yes
Use Synchronous Reset              : Yes
Pack IO Registers into IOBs        : Auto
Equivalent register Removal        : YES

---- General Options
Optimization Goal                  : Speed
Optimization Effort                : 1
Keep Hierarchy                     : No
Netlist Hierarchy                  : As_Optimized
RTL Output                         : Yes
Global Optimization                : AllClockNets
Read Cores                         : YES
Write Timing Constraints           : NO
Cross Clock Analysis               : NO
Hierarchy Separator                : /
Bus Delimiter                      : <>
Case Specifier                     : Maintain
Slice Utilization Ratio            : 100
BRAM Utilization Ratio             : 100
Verilog 2001                       : YES
Auto BRAM Packing                  : NO
Slice Utilization Ratio Delta      : 5

---- Other Options
Cores Search Directories           : {"ipcore_dir"  }

=========================================================================


=========================================================================
*                          HDL Parsing                                  *
=========================================================================
Parsing VHDL file "/home/user/workspace/melexis_mlx90641/ipcore_dir/subfp.vhd" into library work
Parsing entity <subfp>.
Parsing architecture <subfp_a> of entity <subfp>.
Parsing VHDL file "/home/user/workspace/melexis_mlx90641/ipcore_dir/mulfp.vhd" into library work
Parsing entity <mulfp>.
Parsing architecture <mulfp_a> of entity <mulfp>.
Parsing VHDL file "/home/user/workspace/melexis_mlx90641/ipcore_dir/divfp.vhd" into library work
Parsing entity <divfp>.
Parsing architecture <divfp_a> of entity <divfp>.
Parsing VHDL file "/home/user/workspace/melexis_mlx90641/ipcore_dir/fixed2float.vhd" into library work
Parsing entity <fixed2float>.
Parsing architecture <fixed2float_a> of entity <fixed2float>.
Parsing VHDL file "/home/user/workspace/melexis_mlx90641/ipcore_dir/addfp.vhd" into library work
Parsing entity <addfp>.
Parsing architecture <addfp_a> of entity <addfp>.
Parsing VHDL file "/home/user/workspace/fphdl/fixed_float_types_c.vhdl" into library ieee_proposed
Parsing package <fixed_float_types>.
Parsing VHDL file "/home/user/workspace/melexis_mlx90641/mem_ramb16_s36_x2.vhd" into library work
Parsing entity <mem_ramb16_s36_x2>.
Parsing architecture <Behavioral> of entity <mem_ramb16_s36_x2>.
Parsing VHDL file "/home/user/workspace/fphdl/fixed_pkg_c.vhdl" into library ieee_proposed
Parsing package <fixed_pkg>.
Parsing package body <fixed_pkg>.
Parsing VHDL file "/home/user/workspace/melexis_mlx90641/p_fphdl_package1.vhd" into library work
Parsing package <p_fphdl_package1>.
Parsing package body <p_fphdl_package1>.
Parsing VHDL file "/home/user/workspace/melexis_mlx90641/ExtractKvPTATParameter.vhd" into library work
Parsing entity <ExtractKvPTATParameter>.
Parsing architecture <Behavioral> of entity <extractkvptatparameter>.
Parsing VHDL file "/home/user/workspace/melexis_mlx90641/ExtractKtPTATParameter.vhd" into library work
Parsing entity <ExtractKtPTATParameter>.
Parsing architecture <Behavioral> of entity <extractktptatparameter>.
Parsing VHDL file "/home/user/workspace/melexis_mlx90641/ExtractAlphaPtatParameter.vhd" into library work
Parsing entity <ExtractAlphaPtatParameter>.
Parsing architecture <Behavioral> of entity <extractalphaptatparameter>.
Parsing VHDL file "/home/user/workspace/melexis_mlx90641/calculateTa.vhd" into library work
Parsing entity <calculateTa>.
Parsing architecture <Behavioral> of entity <calculateta>.

=========================================================================
*                            HDL Elaboration                            *
=========================================================================
WARNING:HDLCompiler:746 - "/home/user/workspace/fphdl/fixed_pkg_c.vhdl" Line 1474: Range is empty (null range)
WARNING:HDLCompiler:746 - "/home/user/workspace/fphdl/fixed_pkg_c.vhdl" Line 1475: Range is empty (null range)
WARNING:HDLCompiler:746 - "/home/user/workspace/fphdl/fixed_pkg_c.vhdl" Line 1476: Range is empty (null range)

Elaborating entity <calculateTa> (architecture <Behavioral>) from library <work>.
INFO:HDLCompiler:679 - "/home/user/workspace/melexis_mlx90641/calculateTa.vhd" Line 497. Case statement is complete. others clause is never selected

Elaborating entity <ExtractKvPTATParameter> (architecture <Behavioral>) from library <work>.

Elaborating entity <ExtractKtPTATParameter> (architecture <Behavioral>) from library <work>.

Elaborating entity <mem_ramb16_s36_x2> (architecture <Behavioral>) with generics from library <work>.

Elaborating entity <ExtractAlphaPtatParameter> (architecture <Behavioral>) from library <work>.

Elaborating entity <fixed2float> (architecture <fixed2float_a>) from library <work>.

Elaborating entity <divfp> (architecture <divfp_a>) from library <work>.

Elaborating entity <mulfp> (architecture <mulfp_a>) from library <work>.

Elaborating entity <addfp> (architecture <addfp_a>) from library <work>.

Elaborating entity <subfp> (architecture <subfp_a>) from library <work>.

=========================================================================
*                           HDL Synthesis                               *
=========================================================================

Synthesizing Unit <calculateTa>.
    Related source file is "/home/user/workspace/melexis_mlx90641/calculateTa.vhd".
    Found 1-bit register for signal <fixed2floatsclr>.
    Found 1-bit register for signal <addfpsclr>.
    Found 1-bit register for signal <subfpsclr>.
    Found 1-bit register for signal <mulfpsclr>.
    Found 1-bit register for signal <divfpsclr>.
    Found 64-bit register for signal <fixed2floata>.
    Found 1-bit register for signal <fixed2floatce>.
    Found 1-bit register for signal <fixed2floatond>.
    Found 32-bit register for signal <mulfpa>.
    Found 32-bit register for signal <mulfpb>.
    Found 1-bit register for signal <mulfpce>.
    Found 1-bit register for signal <mulfpond>.
    Found 32-bit register for signal <addfpa>.
    Found 32-bit register for signal <addfpb>.
    Found 1-bit register for signal <addfpce>.
    Found 1-bit register for signal <addfpond>.
    Found 1-bit register for signal <subfpce>.
    Found 1-bit register for signal <subfpond>.
    Found 32-bit register for signal <subfpa>.
    Found 32-bit register for signal <subfpb>.
    Found 1-bit register for signal <divfpce>.
    Found 1-bit register for signal <divfpond>.
    Found 32-bit register for signal <divfpa>.
    Found 32-bit register for signal <divfpb>.
    Found 32-bit register for signal <o_Ta>.
    Found 1-bit register for signal <o_rdy>.
    Found 32-bit register for signal <p0.fttmp1>.
    Found 32-bit register for signal <p0.vptat25_ft>.
    Found 32-bit register for signal <p0.vptat_ft>.
    Found 32-bit register for signal <p0.vbe_ft>.
    Found 32-bit register for signal <p0.fttmp2>.
    Found 5-bit register for signal <p0.state>.
    Found finite state machine <FSM_0> for signal <p0.state>.
    -----------------------------------------------------------------------
    | States             | 32                                             |
    | Transitions        | 48                                             |
    | Inputs             | 6                                              |
    | Outputs            | 20                                             |
    | Clock              | i_clock (rising_edge)                          |
    | Reset              | i_reset (positive)                             |
    | Reset type         | synchronous                                    |
    | Reset State        | idle                                           |
    | Power Up State     | idle                                           |
    | Encoding           | auto                                           |
    | Implementation     | LUT                                            |
    -----------------------------------------------------------------------
    Summary:
	inferred 528 D-type flip-flop(s).
	inferred  28 Multiplexer(s).
	inferred   1 Finite State Machine(s).
Unit <calculateTa> synthesized.

Synthesizing Unit <ExtractKvPTATParameter>.
    Related source file is "/home/user/workspace/melexis_mlx90641/ExtractKvPTATParameter.vhd".
WARNING:Xst:647 - Input <i_ee0x2432<9:0>> is never used. This port will be preserved and left unconnected if it belongs to a top-level block or it belongs to a sub-block and the hierarchy of this sub-block is preserved.
    Summary:
	no macro.
Unit <ExtractKvPTATParameter> synthesized.

Synthesizing Unit <ExtractKtPTATParameter>.
    Related source file is "/home/user/workspace/melexis_mlx90641/ExtractKtPTATParameter.vhd".
WARNING:Xst:647 - Input <i_ee0x2432<15:10>> is never used. This port will be preserved and left unconnected if it belongs to a top-level block or it belongs to a sub-block and the hierarchy of this sub-block is preserved.
INFO:Xst:3210 - "/home/user/workspace/melexis_mlx90641/ExtractKtPTATParameter.vhd" line 218: Output port <DOP> of the instance <inst_mem_ktptat> is unconnected or connected to loadless signal.
    Summary:
	no macro.
Unit <ExtractKtPTATParameter> synthesized.

Synthesizing Unit <mem_ramb16_s36_x2>.
    Related source file is "/home/user/workspace/melexis_mlx90641/mem_ramb16_s36_x2.vhd".
        INIT_00 = "0011111101100000000000000000000000111111010000000000000000000000001111110010000000000000000000000011111100000000000000000000000000111110110000000000000000000000001111101000000000000000000000000011111000000000000000000000000000100010000000000000000000000000"
        INIT_01 = "0011111111110000000000000000000000111111111000000000000000000000001111111101000000000000000000000011111111000000000000000000000000111111101100000000000000000000001111111010000000000000000000000011111110010000000000000000000000111111100000000000000000000000"
        INIT_02 = "0100000000111000000000000000000001000000001100000000000000000000010000000010100000000000000000000100000000100000000000000000000001000000000110000000000000000000010000000001000000000000000000000100000000001000000000000000000001000000000000000000000000000000"
        INIT_03 = "0100000001111000000000000000000001000000011100000000000000000000010000000110100000000000000000000100000001100000000000000000000001000000010110000000000000000000010000000101000000000000000000000100000001001000000000000000000001000000010000000000000000000000"
        INIT_04 = "0100000010011100000000000000000001000000100110000000000000000000010000001001010000000000000000000100000010010000000000000000000001000000100011000000000000000000010000001000100000000000000000000100000010000100000000000000000001000000100000000000000000000000"
        INIT_05 = "0100000010111100000000000000000001000000101110000000000000000000010000001011010000000000000000000100000010110000000000000000000001000000101011000000000000000000010000001010100000000000000000000100000010100100000000000000000001000000101000000000000000000000"
        INIT_06 = "0100000011011100000000000000000001000000110110000000000000000000010000001101010000000000000000000100000011010000000000000000000001000000110011000000000000000000010000001100100000000000000000000100000011000100000000000000000001000000110000000000000000000000"
        INIT_07 = "0100000011111100000000000000000001000000111110000000000000000000010000001111010000000000000000000100000011110000000000000000000001000000111011000000000000000000010000001110100000000000000000000100000011100100000000000000000001000000111000000000000000000000"
        INIT_08 = "0100000100001110000000000000000001000001000011000000000000000000010000010000101000000000000000000100000100001000000000000000000001000001000001100000000000000000010000010000010000000000000000000100000100000010000000000000000001000001000000000000000000000000"
        INIT_09 = "0100000100011110000000000000000001000001000111000000000000000000010000010001101000000000000000000100000100011000000000000000000001000001000101100000000000000000010000010001010000000000000000000100000100010010000000000000000001000001000100000000000000000000"
        INIT_0A = "0100000100101110000000000000000001000001001011000000000000000000010000010010101000000000000000000100000100101000000000000000000001000001001001100000000000000000010000010010010000000000000000000100000100100010000000000000000001000001001000000000000000000000"
        INIT_0B = "0100000100111110000000000000000001000001001111000000000000000000010000010011101000000000000000000100000100111000000000000000000001000001001101100000000000000000010000010011010000000000000000000100000100110010000000000000000001000001001100000000000000000000"
        INIT_0C = "0100000101001110000000000000000001000001010011000000000000000000010000010100101000000000000000000100000101001000000000000000000001000001010001100000000000000000010000010100010000000000000000000100000101000010000000000000000001000001010000000000000000000000"
        INIT_0D = "0100000101011110000000000000000001000001010111000000000000000000010000010101101000000000000000000100000101011000000000000000000001000001010101100000000000000000010000010101010000000000000000000100000101010010000000000000000001000001010100000000000000000000"
        INIT_0E = "0100000101101110000000000000000001000001011011000000000000000000010000010110101000000000000000000100000101101000000000000000000001000001011001100000000000000000010000010110010000000000000000000100000101100010000000000000000001000001011000000000000000000000"
        INIT_0F = "0100000101111110000000000000000001000001011111000000000000000000010000010111101000000000000000000100000101111000000000000000000001000001011101100000000000000000010000010111010000000000000000000100000101110010000000000000000001000001011100000000000000000000"
        INIT_10 = "0100000110000111000000000000000001000001100001100000000000000000010000011000010100000000000000000100000110000100000000000000000001000001100000110000000000000000010000011000001000000000000000000100000110000001000000000000000001000001100000000000000000000000"
        INIT_11 = "0100000110001111000000000000000001000001100011100000000000000000010000011000110100000000000000000100000110001100000000000000000001000001100010110000000000000000010000011000101000000000000000000100000110001001000000000000000001000001100010000000000000000000"
        INIT_12 = "0100000110010111000000000000000001000001100101100000000000000000010000011001010100000000000000000100000110010100000000000000000001000001100100110000000000000000010000011001001000000000000000000100000110010001000000000000000001000001100100000000000000000000"
        INIT_13 = "0100000110011111000000000000000001000001100111100000000000000000010000011001110100000000000000000100000110011100000000000000000001000001100110110000000000000000010000011001101000000000000000000100000110011001000000000000000001000001100110000000000000000000"
        INIT_14 = "0100000110100111000000000000000001000001101001100000000000000000010000011010010100000000000000000100000110100100000000000000000001000001101000110000000000000000010000011010001000000000000000000100000110100001000000000000000001000001101000000000000000000000"
        INIT_15 = "0100000110101111000000000000000001000001101011100000000000000000010000011010110100000000000000000100000110101100000000000000000001000001101010110000000000000000010000011010101000000000000000000100000110101001000000000000000001000001101010000000000000000000"
        INIT_16 = "0100000110110111000000000000000001000001101101100000000000000000010000011011010100000000000000000100000110110100000000000000000001000001101100110000000000000000010000011011001000000000000000000100000110110001000000000000000001000001101100000000000000000000"
        INIT_17 = "0100000110111111000000000000000001000001101111100000000000000000010000011011110100000000000000000100000110111100000000000000000001000001101110110000000000000000010000011011101000000000000000000100000110111001000000000000000001000001101110000000000000000000"
        INIT_18 = "0100000111000111000000000000000001000001110001100000000000000000010000011100010100000000000000000100000111000100000000000000000001000001110000110000000000000000010000011100001000000000000000000100000111000001000000000000000001000001110000000000000000000000"
        INIT_19 = "0100000111001111000000000000000001000001110011100000000000000000010000011100110100000000000000000100000111001100000000000000000001000001110010110000000000000000010000011100101000000000000000000100000111001001000000000000000001000001110010000000000000000000"
        INIT_1A = "0100000111010111000000000000000001000001110101100000000000000000010000011101010100000000000000000100000111010100000000000000000001000001110100110000000000000000010000011101001000000000000000000100000111010001000000000000000001000001110100000000000000000000"
        INIT_1B = "0100000111011111000000000000000001000001110111100000000000000000010000011101110100000000000000000100000111011100000000000000000001000001110110110000000000000000010000011101101000000000000000000100000111011001000000000000000001000001110110000000000000000000"
        INIT_1C = "0100000111100111000000000000000001000001111001100000000000000000010000011110010100000000000000000100000111100100000000000000000001000001111000110000000000000000010000011110001000000000000000000100000111100001000000000000000001000001111000000000000000000000"
        INIT_1D = "0100000111101111000000000000000001000001111011100000000000000000010000011110110100000000000000000100000111101100000000000000000001000001111010110000000000000000010000011110101000000000000000000100000111101001000000000000000001000001111010000000000000000000"
        INIT_1E = "0100000111110111000000000000000001000001111101100000000000000000010000011111010100000000000000000100000111110100000000000000000001000001111100110000000000000000010000011111001000000000000000000100000111110001000000000000000001000001111100000000000000000000"
        INIT_1F = "0100000111111111000000000000000001000001111111100000000000000000010000011111110100000000000000000100000111111100000000000000000001000001111110110000000000000000010000011111101000000000000000000100000111111001000000000000000001000001111110000000000000000000"
        INIT_20 = "0100001000000011100000000000000001000010000000110000000000000000010000100000001010000000000000000100001000000010000000000000000001000010000000011000000000000000010000100000000100000000000000000100001000000000100000000000000001000010000000000000000000000000"
        INIT_21 = "0100001000000111100000000000000001000010000001110000000000000000010000100000011010000000000000000100001000000110000000000000000001000010000001011000000000000000010000100000010100000000000000000100001000000100100000000000000001000010000001000000000000000000"
        INIT_22 = "0100001000001011100000000000000001000010000010110000000000000000010000100000101010000000000000000100001000001010000000000000000001000010000010011000000000000000010000100000100100000000000000000100001000001000100000000000000001000010000010000000000000000000"
        INIT_23 = "0100001000001111100000000000000001000010000011110000000000000000010000100000111010000000000000000100001000001110000000000000000001000010000011011000000000000000010000100000110100000000000000000100001000001100100000000000000001000010000011000000000000000000"
        INIT_24 = "0100001000010011100000000000000001000010000100110000000000000000010000100001001010000000000000000100001000010010000000000000000001000010000100011000000000000000010000100001000100000000000000000100001000010000100000000000000001000010000100000000000000000000"
        INIT_25 = "0100001000010111100000000000000001000010000101110000000000000000010000100001011010000000000000000100001000010110000000000000000001000010000101011000000000000000010000100001010100000000000000000100001000010100100000000000000001000010000101000000000000000000"
        INIT_26 = "0100001000011011100000000000000001000010000110110000000000000000010000100001101010000000000000000100001000011010000000000000000001000010000110011000000000000000010000100001100100000000000000000100001000011000100000000000000001000010000110000000000000000000"
        INIT_27 = "0100001000011111100000000000000001000010000111110000000000000000010000100001111010000000000000000100001000011110000000000000000001000010000111011000000000000000010000100001110100000000000000000100001000011100100000000000000001000010000111000000000000000000"
        INIT_28 = "0100001000100011100000000000000001000010001000110000000000000000010000100010001010000000000000000100001000100010000000000000000001000010001000011000000000000000010000100010000100000000000000000100001000100000100000000000000001000010001000000000000000000000"
        INIT_29 = "0100001000100111100000000000000001000010001001110000000000000000010000100010011010000000000000000100001000100110000000000000000001000010001001011000000000000000010000100010010100000000000000000100001000100100100000000000000001000010001001000000000000000000"
        INIT_2A = "0100001000101011100000000000000001000010001010110000000000000000010000100010101010000000000000000100001000101010000000000000000001000010001010011000000000000000010000100010100100000000000000000100001000101000100000000000000001000010001010000000000000000000"
        INIT_2B = "0100001000101111100000000000000001000010001011110000000000000000010000100010111010000000000000000100001000101110000000000000000001000010001011011000000000000000010000100010110100000000000000000100001000101100100000000000000001000010001011000000000000000000"
        INIT_2C = "0100001000110011100000000000000001000010001100110000000000000000010000100011001010000000000000000100001000110010000000000000000001000010001100011000000000000000010000100011000100000000000000000100001000110000100000000000000001000010001100000000000000000000"
        INIT_2D = "0100001000110111100000000000000001000010001101110000000000000000010000100011011010000000000000000100001000110110000000000000000001000010001101011000000000000000010000100011010100000000000000000100001000110100100000000000000001000010001101000000000000000000"
        INIT_2E = "0100001000111011100000000000000001000010001110110000000000000000010000100011101010000000000000000100001000111010000000000000000001000010001110011000000000000000010000100011100100000000000000000100001000111000100000000000000001000010001110000000000000000000"
        INIT_2F = "0100001000111111100000000000000001000010001111110000000000000000010000100011111010000000000000000100001000111110000000000000000001000010001111011000000000000000010000100011110100000000000000000100001000111100100000000000000001000010001111000000000000000000"
        INIT_30 = "0100001001000011100000000000000001000010010000110000000000000000010000100100001010000000000000000100001001000010000000000000000001000010010000011000000000000000010000100100000100000000000000000100001001000000100000000000000001000010010000000000000000000000"
        INIT_31 = "0100001001000111100000000000000001000010010001110000000000000000010000100100011010000000000000000100001001000110000000000000000001000010010001011000000000000000010000100100010100000000000000000100001001000100100000000000000001000010010001000000000000000000"
        INIT_32 = "0100001001001011100000000000000001000010010010110000000000000000010000100100101010000000000000000100001001001010000000000000000001000010010010011000000000000000010000100100100100000000000000000100001001001000100000000000000001000010010010000000000000000000"
        INIT_33 = "0100001001001111100000000000000001000010010011110000000000000000010000100100111010000000000000000100001001001110000000000000000001000010010011011000000000000000010000100100110100000000000000000100001001001100100000000000000001000010010011000000000000000000"
        INIT_34 = "0100001001010011100000000000000001000010010100110000000000000000010000100101001010000000000000000100001001010010000000000000000001000010010100011000000000000000010000100101000100000000000000000100001001010000100000000000000001000010010100000000000000000000"
        INIT_35 = "0100001001010111100000000000000001000010010101110000000000000000010000100101011010000000000000000100001001010110000000000000000001000010010101011000000000000000010000100101010100000000000000000100001001010100100000000000000001000010010101000000000000000000"
        INIT_36 = "0100001001011011100000000000000001000010010110110000000000000000010000100101101010000000000000000100001001011010000000000000000001000010010110011000000000000000010000100101100100000000000000000100001001011000100000000000000001000010010110000000000000000000"
        INIT_37 = "0100001001011111100000000000000001000010010111110000000000000000010000100101111010000000000000000100001001011110000000000000000001000010010111011000000000000000010000100101110100000000000000000100001001011100100000000000000001000010010111000000000000000000"
        INIT_38 = "0100001001100011100000000000000001000010011000110000000000000000010000100110001010000000000000000100001001100010000000000000000001000010011000011000000000000000010000100110000100000000000000000100001001100000100000000000000001000010011000000000000000000000"
        INIT_39 = "0100001001100111100000000000000001000010011001110000000000000000010000100110011010000000000000000100001001100110000000000000000001000010011001011000000000000000010000100110010100000000000000000100001001100100100000000000000001000010011001000000000000000000"
        INIT_3A = "0100001001101011100000000000000001000010011010110000000000000000010000100110101010000000000000000100001001101010000000000000000001000010011010011000000000000000010000100110100100000000000000000100001001101000100000000000000001000010011010000000000000000000"
        INIT_3B = "0100001001101111100000000000000001000010011011110000000000000000010000100110111010000000000000000100001001101110000000000000000001000010011011011000000000000000010000100110110100000000000000000100001001101100100000000000000001000010011011000000000000000000"
        INIT_3C = "0100001001110011100000000000000001000010011100110000000000000000010000100111001010000000000000000100001001110010000000000000000001000010011100011000000000000000010000100111000100000000000000000100001001110000100000000000000001000010011100000000000000000000"
        INIT_3D = "0100001001110111100000000000000001000010011101110000000000000000010000100111011010000000000000000100001001110110000000000000000001000010011101011000000000000000010000100111010100000000000000000100001001110100100000000000000001000010011101000000000000000000"
        INIT_3E = "0100001001111011100000000000000001000010011110110000000000000000010000100111101010000000000000000100001001111010000000000000000001000010011110011000000000000000010000100111100100000000000000000100001001111000100000000000000001000010011110000000000000000000"
        INIT_3F = "0100001001111111100000000000000001000010011111110000000000000000010000100111111010000000000000000100001001111110000000000000000001000010011111011000000000000000010000100111110100000000000000000100001001111100100000000000000001000010011111000000000000000000"
        INIT_40 = "1100001001111100100000000000000011000010011111010000000000000000110000100111110110000000000000001100001001111110000000000000000011000010011111101000000000000000110000100111111100000000000000001100001001111111100000000000000011000010100000000000000000000000"
        INIT_41 = "1100001001111000100000000000000011000010011110010000000000000000110000100111100110000000000000001100001001111010000000000000000011000010011110101000000000000000110000100111101100000000000000001100001001111011100000000000000011000010011111000000000000000000"
        INIT_42 = "1100001001110100100000000000000011000010011101010000000000000000110000100111010110000000000000001100001001110110000000000000000011000010011101101000000000000000110000100111011100000000000000001100001001110111100000000000000011000010011110000000000000000000"
        INIT_43 = "1100001001110000100000000000000011000010011100010000000000000000110000100111000110000000000000001100001001110010000000000000000011000010011100101000000000000000110000100111001100000000000000001100001001110011100000000000000011000010011101000000000000000000"
        INIT_44 = "1100001001101100100000000000000011000010011011010000000000000000110000100110110110000000000000001100001001101110000000000000000011000010011011101000000000000000110000100110111100000000000000001100001001101111100000000000000011000010011100000000000000000000"
        INIT_45 = "1100001001101000100000000000000011000010011010010000000000000000110000100110100110000000000000001100001001101010000000000000000011000010011010101000000000000000110000100110101100000000000000001100001001101011100000000000000011000010011011000000000000000000"
        INIT_46 = "1100001001100100100000000000000011000010011001010000000000000000110000100110010110000000000000001100001001100110000000000000000011000010011001101000000000000000110000100110011100000000000000001100001001100111100000000000000011000010011010000000000000000000"
        INIT_47 = "1100001001100000100000000000000011000010011000010000000000000000110000100110000110000000000000001100001001100010000000000000000011000010011000101000000000000000110000100110001100000000000000001100001001100011100000000000000011000010011001000000000000000000"
        INIT_48 = "1100001001011100100000000000000011000010010111010000000000000000110000100101110110000000000000001100001001011110000000000000000011000010010111101000000000000000110000100101111100000000000000001100001001011111100000000000000011000010011000000000000000000000"
        INIT_49 = "1100001001011000100000000000000011000010010110010000000000000000110000100101100110000000000000001100001001011010000000000000000011000010010110101000000000000000110000100101101100000000000000001100001001011011100000000000000011000010010111000000000000000000"
        INIT_4A = "1100001001010100100000000000000011000010010101010000000000000000110000100101010110000000000000001100001001010110000000000000000011000010010101101000000000000000110000100101011100000000000000001100001001010111100000000000000011000010010110000000000000000000"
        INIT_4B = "1100001001010000100000000000000011000010010100010000000000000000110000100101000110000000000000001100001001010010000000000000000011000010010100101000000000000000110000100101001100000000000000001100001001010011100000000000000011000010010101000000000000000000"
        INIT_4C = "1100001001001100100000000000000011000010010011010000000000000000110000100100110110000000000000001100001001001110000000000000000011000010010011101000000000000000110000100100111100000000000000001100001001001111100000000000000011000010010100000000000000000000"
        INIT_4D = "1100001001001000100000000000000011000010010010010000000000000000110000100100100110000000000000001100001001001010000000000000000011000010010010101000000000000000110000100100101100000000000000001100001001001011100000000000000011000010010011000000000000000000"
        INIT_4E = "1100001001000100100000000000000011000010010001010000000000000000110000100100010110000000000000001100001001000110000000000000000011000010010001101000000000000000110000100100011100000000000000001100001001000111100000000000000011000010010010000000000000000000"
        INIT_4F = "1100001001000000100000000000000011000010010000010000000000000000110000100100000110000000000000001100001001000010000000000000000011000010010000101000000000000000110000100100001100000000000000001100001001000011100000000000000011000010010001000000000000000000"
        INIT_50 = "1100001000111100100000000000000011000010001111010000000000000000110000100011110110000000000000001100001000111110000000000000000011000010001111101000000000000000110000100011111100000000000000001100001000111111100000000000000011000010010000000000000000000000"
        INIT_51 = "1100001000111000100000000000000011000010001110010000000000000000110000100011100110000000000000001100001000111010000000000000000011000010001110101000000000000000110000100011101100000000000000001100001000111011100000000000000011000010001111000000000000000000"
        INIT_52 = "1100001000110100100000000000000011000010001101010000000000000000110000100011010110000000000000001100001000110110000000000000000011000010001101101000000000000000110000100011011100000000000000001100001000110111100000000000000011000010001110000000000000000000"
        INIT_53 = "1100001000110000100000000000000011000010001100010000000000000000110000100011000110000000000000001100001000110010000000000000000011000010001100101000000000000000110000100011001100000000000000001100001000110011100000000000000011000010001101000000000000000000"
        INIT_54 = "1100001000101100100000000000000011000010001011010000000000000000110000100010110110000000000000001100001000101110000000000000000011000010001011101000000000000000110000100010111100000000000000001100001000101111100000000000000011000010001100000000000000000000"
        INIT_55 = "1100001000101000100000000000000011000010001010010000000000000000110000100010100110000000000000001100001000101010000000000000000011000010001010101000000000000000110000100010101100000000000000001100001000101011100000000000000011000010001011000000000000000000"
        INIT_56 = "1100001000100100100000000000000011000010001001010000000000000000110000100010010110000000000000001100001000100110000000000000000011000010001001101000000000000000110000100010011100000000000000001100001000100111100000000000000011000010001010000000000000000000"
        INIT_57 = "1100001000100000100000000000000011000010001000010000000000000000110000100010000110000000000000001100001000100010000000000000000011000010001000101000000000000000110000100010001100000000000000001100001000100011100000000000000011000010001001000000000000000000"
        INIT_58 = "1100001000011100100000000000000011000010000111010000000000000000110000100001110110000000000000001100001000011110000000000000000011000010000111101000000000000000110000100001111100000000000000001100001000011111100000000000000011000010001000000000000000000000"
        INIT_59 = "1100001000011000100000000000000011000010000110010000000000000000110000100001100110000000000000001100001000011010000000000000000011000010000110101000000000000000110000100001101100000000000000001100001000011011100000000000000011000010000111000000000000000000"
        INIT_5A = "1100001000010100100000000000000011000010000101010000000000000000110000100001010110000000000000001100001000010110000000000000000011000010000101101000000000000000110000100001011100000000000000001100001000010111100000000000000011000010000110000000000000000000"
        INIT_5B = "1100001000010000100000000000000011000010000100010000000000000000110000100001000110000000000000001100001000010010000000000000000011000010000100101000000000000000110000100001001100000000000000001100001000010011100000000000000011000010000101000000000000000000"
        INIT_5C = "1100001000001100100000000000000011000010000011010000000000000000110000100000110110000000000000001100001000001110000000000000000011000010000011101000000000000000110000100000111100000000000000001100001000001111100000000000000011000010000100000000000000000000"
        INIT_5D = "1100001000001000100000000000000011000010000010010000000000000000110000100000100110000000000000001100001000001010000000000000000011000010000010101000000000000000110000100000101100000000000000001100001000001011100000000000000011000010000011000000000000000000"
        INIT_5E = "1100001000000100100000000000000011000010000001010000000000000000110000100000010110000000000000001100001000000110000000000000000011000010000001101000000000000000110000100000011100000000000000001100001000000111100000000000000011000010000010000000000000000000"
        INIT_5F = "1100001000000000100000000000000011000010000000010000000000000000110000100000000110000000000000001100001000000010000000000000000011000010000000101000000000000000110000100000001100000000000000001100001000000011100000000000000011000010000001000000000000000000"
        INIT_60 = "1100000111111001000000000000000011000001111110100000000000000000110000011111101100000000000000001100000111111100000000000000000011000001111111010000000000000000110000011111111000000000000000001100000111111111000000000000000011000010000000000000000000000000"
        INIT_61 = "1100000111110001000000000000000011000001111100100000000000000000110000011111001100000000000000001100000111110100000000000000000011000001111101010000000000000000110000011111011000000000000000001100000111110111000000000000000011000001111110000000000000000000"
        INIT_62 = "1100000111101001000000000000000011000001111010100000000000000000110000011110101100000000000000001100000111101100000000000000000011000001111011010000000000000000110000011110111000000000000000001100000111101111000000000000000011000001111100000000000000000000"
        INIT_63 = "1100000111100001000000000000000011000001111000100000000000000000110000011110001100000000000000001100000111100100000000000000000011000001111001010000000000000000110000011110011000000000000000001100000111100111000000000000000011000001111010000000000000000000"
        INIT_64 = "1100000111011001000000000000000011000001110110100000000000000000110000011101101100000000000000001100000111011100000000000000000011000001110111010000000000000000110000011101111000000000000000001100000111011111000000000000000011000001111000000000000000000000"
        INIT_65 = "1100000111010001000000000000000011000001110100100000000000000000110000011101001100000000000000001100000111010100000000000000000011000001110101010000000000000000110000011101011000000000000000001100000111010111000000000000000011000001110110000000000000000000"
        INIT_66 = "1100000111001001000000000000000011000001110010100000000000000000110000011100101100000000000000001100000111001100000000000000000011000001110011010000000000000000110000011100111000000000000000001100000111001111000000000000000011000001110100000000000000000000"
        INIT_67 = "1100000111000001000000000000000011000001110000100000000000000000110000011100001100000000000000001100000111000100000000000000000011000001110001010000000000000000110000011100011000000000000000001100000111000111000000000000000011000001110010000000000000000000"
        INIT_68 = "1100000110111001000000000000000011000001101110100000000000000000110000011011101100000000000000001100000110111100000000000000000011000001101111010000000000000000110000011011111000000000000000001100000110111111000000000000000011000001110000000000000000000000"
        INIT_69 = "1100000110110001000000000000000011000001101100100000000000000000110000011011001100000000000000001100000110110100000000000000000011000001101101010000000000000000110000011011011000000000000000001100000110110111000000000000000011000001101110000000000000000000"
        INIT_6A = "1100000110101001000000000000000011000001101010100000000000000000110000011010101100000000000000001100000110101100000000000000000011000001101011010000000000000000110000011010111000000000000000001100000110101111000000000000000011000001101100000000000000000000"
        INIT_6B = "1100000110100001000000000000000011000001101000100000000000000000110000011010001100000000000000001100000110100100000000000000000011000001101001010000000000000000110000011010011000000000000000001100000110100111000000000000000011000001101010000000000000000000"
        INIT_6C = "1100000110011001000000000000000011000001100110100000000000000000110000011001101100000000000000001100000110011100000000000000000011000001100111010000000000000000110000011001111000000000000000001100000110011111000000000000000011000001101000000000000000000000"
        INIT_6D = "1100000110010001000000000000000011000001100100100000000000000000110000011001001100000000000000001100000110010100000000000000000011000001100101010000000000000000110000011001011000000000000000001100000110010111000000000000000011000001100110000000000000000000"
        INIT_6E = "1100000110001001000000000000000011000001100010100000000000000000110000011000101100000000000000001100000110001100000000000000000011000001100011010000000000000000110000011000111000000000000000001100000110001111000000000000000011000001100100000000000000000000"
        INIT_6F = "1100000110000001000000000000000011000001100000100000000000000000110000011000001100000000000000001100000110000100000000000000000011000001100001010000000000000000110000011000011000000000000000001100000110000111000000000000000011000001100010000000000000000000"
        INIT_70 = "1100000101110010000000000000000011000001011101000000000000000000110000010111011000000000000000001100000101111000000000000000000011000001011110100000000000000000110000010111110000000000000000001100000101111110000000000000000011000001100000000000000000000000"
        INIT_71 = "1100000101100010000000000000000011000001011001000000000000000000110000010110011000000000000000001100000101101000000000000000000011000001011010100000000000000000110000010110110000000000000000001100000101101110000000000000000011000001011100000000000000000000"
        INIT_72 = "1100000101010010000000000000000011000001010101000000000000000000110000010101011000000000000000001100000101011000000000000000000011000001010110100000000000000000110000010101110000000000000000001100000101011110000000000000000011000001011000000000000000000000"
        INIT_73 = "1100000101000010000000000000000011000001010001000000000000000000110000010100011000000000000000001100000101001000000000000000000011000001010010100000000000000000110000010100110000000000000000001100000101001110000000000000000011000001010100000000000000000000"
        INIT_74 = "1100000100110010000000000000000011000001001101000000000000000000110000010011011000000000000000001100000100111000000000000000000011000001001110100000000000000000110000010011110000000000000000001100000100111110000000000000000011000001010000000000000000000000"
        INIT_75 = "1100000100100010000000000000000011000001001001000000000000000000110000010010011000000000000000001100000100101000000000000000000011000001001010100000000000000000110000010010110000000000000000001100000100101110000000000000000011000001001100000000000000000000"
        INIT_76 = "1100000100010010000000000000000011000001000101000000000000000000110000010001011000000000000000001100000100011000000000000000000011000001000110100000000000000000110000010001110000000000000000001100000100011110000000000000000011000001001000000000000000000000"
        INIT_77 = "1100000100000010000000000000000011000001000001000000000000000000110000010000011000000000000000001100000100001000000000000000000011000001000010100000000000000000110000010000110000000000000000001100000100001110000000000000000011000001000100000000000000000000"
        INIT_78 = "1100000011100100000000000000000011000000111010000000000000000000110000001110110000000000000000001100000011110000000000000000000011000000111101000000000000000000110000001111100000000000000000001100000011111100000000000000000011000001000000000000000000000000"
        INIT_79 = "1100000011000100000000000000000011000000110010000000000000000000110000001100110000000000000000001100000011010000000000000000000011000000110101000000000000000000110000001101100000000000000000001100000011011100000000000000000011000000111000000000000000000000"
        INIT_7A = "1100000010100100000000000000000011000000101010000000000000000000110000001010110000000000000000001100000010110000000000000000000011000000101101000000000000000000110000001011100000000000000000001100000010111100000000000000000011000000110000000000000000000000"
        INIT_7B = "1100000010000100000000000000000011000000100010000000000000000000110000001000110000000000000000001100000010010000000000000000000011000000100101000000000000000000110000001001100000000000000000001100000010011100000000000000000011000000101000000000000000000000"
        INIT_7C = "1100000001001000000000000000000011000000010100000000000000000000110000000101100000000000000000001100000001100000000000000000000011000000011010000000000000000000110000000111000000000000000000001100000001111000000000000000000011000000100000000000000000000000"
        INIT_7D = "1100000000001000000000000000000011000000000100000000000000000000110000000001100000000000000000001100000000100000000000000000000011000000001010000000000000000000110000000011000000000000000000001100000000111000000000000000000011000000010000000000000000000000"
        INIT_7E = "1011111110010000000000000000000010111111101000000000000000000000101111111011000000000000000000001011111111000000000000000000000010111111110100000000000000000000101111111110000000000000000000001011111111110000000000000000000011000000000000000000000000000000"
        INIT_7F = "1011111000000000000000000000000010111110100000000000000000000000101111101100000000000000000000001011111100000000000000000000000010111111001000000000000000000000101111110100000000000000000000001011111101100000000000000000000010111111100000000000000000000000"
        INITP_00 = "0000000000000000000000000000000000000000000000000000000000000000000000000000000000000000000000000000000000000000000000000000000000000000000000000000000000000000000000000000000000000000000000000000000000000000000000000000000000000000000000000000000000000000"
        INITP_01 = "0000000000000000000000000000000000000000000000000000000000000000000000000000000000000000000000000000000000000000000000000000000000000000000000000000000000000000000000000000000000000000000000000000000000000000000000000000000000000000000000000000000000000000"
        INITP_02 = "0000000000000000000000000000000000000000000000000000000000000000000000000000000000000000000000000000000000000000000000000000000000000000000000000000000000000000000000000000000000000000000000000000000000000000000000000000000000000000000000000000000000000000"
        INITP_03 = "0000000000000000000000000000000000000000000000000000000000000000000000000000000000000000000000000000000000000000000000000000000000000000000000000000000000000000000000000000000000000000000000000000000000000000000000000000000000000000000000000000000000000000"
        INITP_04 = "0000000000000000000000000000000000000000000000000000000000000000000000000000000000000000000000000000000000000000000000000000000000000000000000000000000000000000000000000000000000000000000000000000000000000000000000000000000000000000000000000000000000000000"
        INITP_05 = "0000000000000000000000000000000000000000000000000000000000000000000000000000000000000000000000000000000000000000000000000000000000000000000000000000000000000000000000000000000000000000000000000000000000000000000000000000000000000000000000000000000000000000"
        INITP_06 = "0000000000000000000000000000000000000000000000000000000000000000000000000000000000000000000000000000000000000000000000000000000000000000000000000000000000000000000000000000000000000000000000000000000000000000000000000000000000000000000000000000000000000000"
        INITP_07 = "0000000000000000000000000000000000000000000000000000000000000000000000000000000000000000000000000000000000000000000000000000000000000000000000000000000000000000000000000000000000000000000000000000000000000000000000000000000000000000000000000000000000000000"
        INITP_08 = "0000000000000000000000000000000000000000000000000000000000000000000000000000000000000000000000000000000000000000000000000000000000000000000000000000000000000000000000000000000000000000000000000000000000000000000000000000000000000000000000000000000000000000"
        INITP_09 = "0000000000000000000000000000000000000000000000000000000000000000000000000000000000000000000000000000000000000000000000000000000000000000000000000000000000000000000000000000000000000000000000000000000000000000000000000000000000000000000000000000000000000000"
        INITP_0a = "0000000000000000000000000000000000000000000000000000000000000000000000000000000000000000000000000000000000000000000000000000000000000000000000000000000000000000000000000000000000000000000000000000000000000000000000000000000000000000000000000000000000000000"
        INITP_0b = "0000000000000000000000000000000000000000000000000000000000000000000000000000000000000000000000000000000000000000000000000000000000000000000000000000000000000000000000000000000000000000000000000000000000000000000000000000000000000000000000000000000000000000"
        INITP_0c = "0000000000000000000000000000000000000000000000000000000000000000000000000000000000000000000000000000000000000000000000000000000000000000000000000000000000000000000000000000000000000000000000000000000000000000000000000000000000000000000000000000000000000000"
        INITP_0d = "0000000000000000000000000000000000000000000000000000000000000000000000000000000000000000000000000000000000000000000000000000000000000000000000000000000000000000000000000000000000000000000000000000000000000000000000000000000000000000000000000000000000000000"
        INITP_0e = "0000000000000000000000000000000000000000000000000000000000000000000000000000000000000000000000000000000000000000000000000000000000000000000000000000000000000000000000000000000000000000000000000000000000000000000000000000000000000000000000000000000000000000"
        INITP_0f = "0000000000000000000000000000000000000000000000000000000000000000000000000000000000000000000000000000000000000000000000000000000000000000000000000000000000000000000000000000000000000000000000000000000000000000000000000000000000000000000000000000000000000000"
    Found 1-bit register for signal <EN2>.
    Found 1-bit register for signal <EN1>.
    Summary:
	inferred   2 D-type flip-flop(s).
	inferred   4 Multiplexer(s).
Unit <mem_ramb16_s36_x2> synthesized.

Synthesizing Unit <ExtractAlphaPtatParameter>.
    Related source file is "/home/user/workspace/melexis_mlx90641/ExtractAlphaPtatParameter.vhd".
WARNING:Xst:647 - Input <i_ee0x2410<11:0>> is never used. This port will be preserved and left unconnected if it belongs to a top-level block or it belongs to a sub-block and the hierarchy of this sub-block is preserved.
    Summary:
	no macro.
Unit <ExtractAlphaPtatParameter> synthesized.

=========================================================================
HDL Synthesis Report

Macro Statistics
# Registers                                            : 33
 1-bit register                                        : 18
 32-bit register                                       : 14
 64-bit register                                       : 1
# Multiplexers                                         : 32
 32-bit 2-to-1 multiplexer                             : 28
 4-bit 2-to-1 multiplexer                              : 2
 64-bit 2-to-1 multiplexer                             : 2
# FSMs                                                 : 1

=========================================================================

=========================================================================
*                       Advanced HDL Synthesis                          *
=========================================================================

Reading core <ipcore_dir/fixed2float.ngc>.
Reading core <ipcore_dir/divfp.ngc>.
Reading core <ipcore_dir/mulfp.ngc>.
Reading core <ipcore_dir/addfp.ngc>.
Reading core <ipcore_dir/subfp.ngc>.
Loading core <fixed2float> for timing and area information for instance <inst_ff2>.
Loading core <divfp> for timing and area information for instance <inst_divfp>.
Loading core <mulfp> for timing and area information for instance <inst_mulfp>.
Loading core <addfp> for timing and area information for instance <inst_addfp>.
Loading core <subfp> for timing and area information for instance <inst_subfp>.

=========================================================================
Advanced HDL Synthesis Report

Macro Statistics
# Registers                                            : 530
 Flip-Flops                                            : 530
# Multiplexers                                         : 94
 1-bit 2-to-1 multiplexer                              : 64
 32-bit 2-to-1 multiplexer                             : 26
 4-bit 2-to-1 multiplexer                              : 2
 64-bit 2-to-1 multiplexer                             : 2
# FSMs                                                 : 1

=========================================================================

=========================================================================
*                         Low Level Synthesis                           *
=========================================================================
Analyzing FSM <MFsm> for best encoding.
Optimizing FSM <FSM_0> on signal <p0.state[1:5]> with user encoding.
--------------------
 State  | Encoding
--------------------
 idle   | 00000
 s1     | 00001
 s2     | 00010
 s3     | 00011
 s4     | 00100
 s5     | 00101
 s6     | 00110
 s7     | 00111
 s8     | 01000
 s9     | 01001
 s10    | 01010
 s11    | 01011
 s12    | 01100
 s13    | 01101
 s14    | 01110
 s15    | 01111
 s16    | 10000
 s17    | 10001
 s18    | 10010
 s19    | 10011
 s20    | 10100
 s21    | 10101
 s22    | 10110
 s23    | 10111
 s24    | 11000
 s25    | 11001
 s26    | 11010
 s27    | 11011
 s28    | 11100
 s29    | 11101
 s30    | 11110
 ending | 11111
--------------------
WARNING:Xst:1710 - FF/Latch <fixed2floata_28> (without init value) has a constant value of 0 in block <calculateTa>. This FF/Latch will be trimmed during the optimization process.
WARNING:Xst:1895 - Due to other FF/Latch trimming, FF/Latch <fixed2floata_27> (without init value) has a constant value of 0 in block <calculateTa>. This FF/Latch will be trimmed during the optimization process.
WARNING:Xst:1895 - Due to other FF/Latch trimming, FF/Latch <fixed2floata_26> (without init value) has a constant value of 0 in block <calculateTa>. This FF/Latch will be trimmed during the optimization process.
WARNING:Xst:1895 - Due to other FF/Latch trimming, FF/Latch <fixed2floata_25> (without init value) has a constant value of 0 in block <calculateTa>. This FF/Latch will be trimmed during the optimization process.
WARNING:Xst:1895 - Due to other FF/Latch trimming, FF/Latch <fixed2floata_24> (without init value) has a constant value of 0 in block <calculateTa>. This FF/Latch will be trimmed during the optimization process.
WARNING:Xst:1895 - Due to other FF/Latch trimming, FF/Latch <fixed2floata_23> (without init value) has a constant value of 0 in block <calculateTa>. This FF/Latch will be trimmed during the optimization process.
WARNING:Xst:1895 - Due to other FF/Latch trimming, FF/Latch <fixed2floata_22> (without init value) has a constant value of 0 in block <calculateTa>. This FF/Latch will be trimmed during the optimization process.
WARNING:Xst:1895 - Due to other FF/Latch trimming, FF/Latch <fixed2floata_21> (without init value) has a constant value of 0 in block <calculateTa>. This FF/Latch will be trimmed during the optimization process.
WARNING:Xst:1895 - Due to other FF/Latch trimming, FF/Latch <fixed2floata_20> (without init value) has a constant value of 0 in block <calculateTa>. This FF/Latch will be trimmed during the optimization process.
WARNING:Xst:1895 - Due to other FF/Latch trimming, FF/Latch <fixed2floata_19> (without init value) has a constant value of 0 in block <calculateTa>. This FF/Latch will be trimmed during the optimization process.
WARNING:Xst:1895 - Due to other FF/Latch trimming, FF/Latch <fixed2floata_18> (without init value) has a constant value of 0 in block <calculateTa>. This FF/Latch will be trimmed during the optimization process.
WARNING:Xst:1895 - Due to other FF/Latch trimming, FF/Latch <fixed2floata_17> (without init value) has a constant value of 0 in block <calculateTa>. This FF/Latch will be trimmed during the optimization process.
WARNING:Xst:1895 - Due to other FF/Latch trimming, FF/Latch <fixed2floata_16> (without init value) has a constant value of 0 in block <calculateTa>. This FF/Latch will be trimmed during the optimization process.
WARNING:Xst:1895 - Due to other FF/Latch trimming, FF/Latch <fixed2floata_15> (without init value) has a constant value of 0 in block <calculateTa>. This FF/Latch will be trimmed during the optimization process.
WARNING:Xst:1895 - Due to other FF/Latch trimming, FF/Latch <fixed2floata_14> (without init value) has a constant value of 0 in block <calculateTa>. This FF/Latch will be trimmed during the optimization process.
WARNING:Xst:1895 - Due to other FF/Latch trimming, FF/Latch <fixed2floata_13> (without init value) has a constant value of 0 in block <calculateTa>. This FF/Latch will be trimmed during the optimization process.
WARNING:Xst:1895 - Due to other FF/Latch trimming, FF/Latch <fixed2floata_12> (without init value) has a constant value of 0 in block <calculateTa>. This FF/Latch will be trimmed during the optimization process.
WARNING:Xst:1895 - Due to other FF/Latch trimming, FF/Latch <fixed2floata_11> (without init value) has a constant value of 0 in block <calculateTa>. This FF/Latch will be trimmed during the optimization process.
WARNING:Xst:1895 - Due to other FF/Latch trimming, FF/Latch <fixed2floata_10> (without init value) has a constant value of 0 in block <calculateTa>. This FF/Latch will be trimmed during the optimization process.
WARNING:Xst:1895 - Due to other FF/Latch trimming, FF/Latch <fixed2floata_9> (without init value) has a constant value of 0 in block <calculateTa>. This FF/Latch will be trimmed during the optimization process.
WARNING:Xst:1895 - Due to other FF/Latch trimming, FF/Latch <fixed2floata_8> (without init value) has a constant value of 0 in block <calculateTa>. This FF/Latch will be trimmed during the optimization process.
WARNING:Xst:1895 - Due to other FF/Latch trimming, FF/Latch <fixed2floata_7> (without init value) has a constant value of 0 in block <calculateTa>. This FF/Latch will be trimmed during the optimization process.
WARNING:Xst:1895 - Due to other FF/Latch trimming, FF/Latch <fixed2floata_6> (without init value) has a constant value of 0 in block <calculateTa>. This FF/Latch will be trimmed during the optimization process.
WARNING:Xst:1895 - Due to other FF/Latch trimming, FF/Latch <fixed2floata_5> (without init value) has a constant value of 0 in block <calculateTa>. This FF/Latch will be trimmed during the optimization process.
WARNING:Xst:1895 - Due to other FF/Latch trimming, FF/Latch <fixed2floata_4> (without init value) has a constant value of 0 in block <calculateTa>. This FF/Latch will be trimmed during the optimization process.
WARNING:Xst:1895 - Due to other FF/Latch trimming, FF/Latch <fixed2floata_3> (without init value) has a constant value of 0 in block <calculateTa>. This FF/Latch will be trimmed during the optimization process.
WARNING:Xst:1895 - Due to other FF/Latch trimming, FF/Latch <fixed2floata_2> (without init value) has a constant value of 0 in block <calculateTa>. This FF/Latch will be trimmed during the optimization process.
WARNING:Xst:1895 - Due to other FF/Latch trimming, FF/Latch <fixed2floata_1> (without init value) has a constant value of 0 in block <calculateTa>. This FF/Latch will be trimmed during the optimization process.
WARNING:Xst:1895 - Due to other FF/Latch trimming, FF/Latch <fixed2floata_0> (without init value) has a constant value of 0 in block <calculateTa>. This FF/Latch will be trimmed during the optimization process.
INFO:Xst:2261 - The FF/Latch <addfpce> in Unit <calculateTa> is equivalent to the following FF/Latch, which will be removed : <addfpond> 
INFO:Xst:2261 - The FF/Latch <fixed2floatce> in Unit <calculateTa> is equivalent to the following FF/Latch, which will be removed : <fixed2floatond> 
INFO:Xst:2261 - The FF/Latch <fixed2floata_44> in Unit <calculateTa> is equivalent to the following 19 FFs/Latches, which will be removed : <fixed2floata_45> <fixed2floata_46> <fixed2floata_47> <fixed2floata_48> <fixed2floata_49> <fixed2floata_50> <fixed2floata_51> <fixed2floata_52> <fixed2floata_53> <fixed2floata_54> <fixed2floata_55> <fixed2floata_56> <fixed2floata_57> <fixed2floata_58> <fixed2floata_59> <fixed2floata_60> <fixed2floata_61> <fixed2floata_62> <fixed2floata_63> 
INFO:Xst:2261 - The FF/Latch <mulfpce> in Unit <calculateTa> is equivalent to the following FF/Latch, which will be removed : <mulfpond> 
INFO:Xst:2261 - The FF/Latch <subfpce> in Unit <calculateTa> is equivalent to the following FF/Latch, which will be removed : <subfpond> 
INFO:Xst:2261 - The FF/Latch <divfpce> in Unit <calculateTa> is equivalent to the following FF/Latch, which will be removed : <divfpond> 

Optimizing unit <calculateTa> ...

Optimizing unit <mem_ramb16_s36_x2> ...

Mapping all equations...
Building and optimizing final netlist ...
Found area constraint ratio of 100 (+ 5) on block calculateTa, actual ratio is 28.
FlipFlop p0.state_FSM_FFd1 has been replicated 1 time(s)
FlipFlop p0.state_FSM_FFd2 has been replicated 1 time(s)
FlipFlop p0.state_FSM_FFd3 has been replicated 1 time(s)
FlipFlop p0.state_FSM_FFd4 has been replicated 1 time(s)
FlipFlop p0.state_FSM_FFd5 has been replicated 1 time(s)

Final Macro Processing ...

=========================================================================
Final Register Report

Macro Statistics
# Registers                                            : 487
 Flip-Flops                                            : 487

=========================================================================

=========================================================================
*                           Partition Report                            *
=========================================================================

Partition Implementation Status
-------------------------------

  No Partitions were found in this design.

-------------------------------

=========================================================================
*                            Design Summary                             *
=========================================================================

Top Level Output File Name         : calculateTa.ngc

Primitive and Black Box Usage:
------------------------------
# BELS                             : 5894
#      GND                         : 6
#      INV                         : 61
#      LUT1                        : 39
#      LUT2                        : 580
#      LUT2_D                      : 5
#      LUT2_L                      : 3
#      LUT3                        : 1470
#      LUT3_D                      : 105
#      LUT3_L                      : 115
#      LUT4                        : 710
#      LUT4_D                      : 6
#      LUT4_L                      : 84
#      MULT_AND                    : 1
#      MUXCY                       : 1344
#      MUXF5                       : 238
#      MUXF6                       : 4
#      MUXF7                       : 2
#      VCC                         : 6
#      XORCY                       : 1115
# FlipFlops/Latches                : 3737
#      FDE                         : 3222
#      FDR                         : 10
#      FDRE                        : 333
#      FDRS                        : 8
#      FDRSE                       : 144
#      FDSE                        : 20
# RAMS                             : 4
#      RAMB16_S36                  : 4
# Shift Registers                  : 165
#      SRL16E                      : 144
#      SRLC16E                     : 21
# Clock Buffers                    : 1
#      BUFGP                       : 1
# IO Buffers                       : 199
#      IBUF                        : 166
#      OBUF                        : 33
# MULTs                            : 4
#      MULT18X18SIO                : 4

Device utilization summary:
---------------------------

Selected Device : 3s1200efg320-4 

 Number of Slices:                     2537  out of   8672    29%  
 Number of Slice Flip Flops:           3737  out of  17344    21%  
 Number of 4 input LUTs:               3343  out of  17344    19%  
    Number used as logic:              3178
    Number used as Shift registers:     165
 Number of IOs:                         212
 Number of bonded IOBs:                 200  out of    250    80%  
 Number of BRAMs:                         4  out of     28    14%  
 Number of MULT18X18SIOs:                 4  out of     28    14%  
 Number of GCLKs:                         1  out of     24     4%  

---------------------------
Partition Resource Summary:
---------------------------

  No Partitions were found in this design.

---------------------------


=========================================================================
Timing Report

NOTE: THESE TIMING NUMBERS ARE ONLY A SYNTHESIS ESTIMATE.
      FOR ACCURATE TIMING INFORMATION PLEASE REFER TO THE TRACE REPORT
      GENERATED AFTER PLACE-and-ROUTE.

Clock Information:
------------------
-----------------------------------+------------------------+-------+
Clock Signal                       | Clock buffer(FF name)  | Load  |
-----------------------------------+------------------------+-------+
i_clock                            | BUFGP                  | 3910  |
-----------------------------------+------------------------+-------+

Asynchronous Control Signals Information:
----------------------------------------
No asynchronous control signals found in this design

Timing Summary:
---------------
Speed Grade: -4

   Minimum period: 7.983ns (Maximum Frequency: 125.272MHz)
   Minimum input arrival time before clock: 5.909ns
   Maximum output required time after clock: 4.310ns
   Maximum combinational path delay: No path found

Timing Details:
---------------
All values displayed in nanoseconds (ns)

=========================================================================
Timing constraint: Default period analysis for Clock 'i_clock'
  Clock period: 7.983ns (frequency: 125.272MHz)
  Total number of paths / destination ports: 62802 / 8046
-------------------------------------------------------------------------
Delay:               7.983ns (Levels of Logic = 66)
  Source:            fixed2floata_44 (FF)
  Destination:       inst_ff2/blk000001df (FF)
  Source Clock:      i_clock rising
  Destination Clock: i_clock rising

  Data Path: fixed2floata_44 to inst_ff2/blk000001df
                                Gate     Net
    Cell:in->out      fanout   Delay   Delay  Logical Name (Net Name)
    ----------------------------------------  ------------
     FDRE:C->Q            84   0.591   1.454  fixed2floata_44 (fixed2floata_44)
     begin scope: 'inst_ff2:a<63>'
     LUT2:I0->O            1   0.704   0.000  blk000003c8 (sig00000486)
     MUXCY:S->O            1   0.464   0.000  blk00000160 (sig000001a6)
     MUXCY:CI->O           1   0.059   0.000  blk00000162 (sig000001b1)
     MUXCY:CI->O           1   0.059   0.000  blk00000164 (sig000001bc)
     MUXCY:CI->O           1   0.059   0.000  blk00000166 (sig000001c7)
     MUXCY:CI->O           1   0.059   0.000  blk00000168 (sig000001d2)
     MUXCY:CI->O           1   0.059   0.000  blk0000016a (sig000001d7)
     MUXCY:CI->O           1   0.059   0.000  blk0000016c (sig000001d8)
     MUXCY:CI->O           1   0.059   0.000  blk0000016e (sig000001d9)
     MUXCY:CI->O           1   0.059   0.000  blk00000170 (sig000001da)
     MUXCY:CI->O           1   0.059   0.000  blk00000172 (sig0000019c)
     MUXCY:CI->O           1   0.059   0.000  blk00000174 (sig0000019d)
     MUXCY:CI->O           1   0.059   0.000  blk00000176 (sig0000019e)
     MUXCY:CI->O           1   0.059   0.000  blk00000178 (sig0000019f)
     MUXCY:CI->O           1   0.059   0.000  blk0000017a (sig000001a0)
     MUXCY:CI->O           1   0.059   0.000  blk0000017c (sig000001a1)
     MUXCY:CI->O           1   0.059   0.000  blk0000017e (sig000001a2)
     MUXCY:CI->O           1   0.059   0.000  blk00000180 (sig000001a3)
     MUXCY:CI->O           1   0.059   0.000  blk00000182 (sig000001a4)
     MUXCY:CI->O           1   0.059   0.000  blk00000184 (sig000001a5)
     MUXCY:CI->O           1   0.059   0.000  blk00000186 (sig000001a7)
     MUXCY:CI->O           1   0.059   0.000  blk00000188 (sig000001a8)
     MUXCY:CI->O           1   0.059   0.000  blk0000018a (sig000001a9)
     MUXCY:CI->O           1   0.059   0.000  blk0000018c (sig000001aa)
     MUXCY:CI->O           1   0.059   0.000  blk0000018e (sig000001ab)
     MUXCY:CI->O           1   0.059   0.000  blk00000190 (sig000001ac)
     MUXCY:CI->O           1   0.059   0.000  blk00000192 (sig000001ad)
     MUXCY:CI->O           1   0.059   0.000  blk00000194 (sig000001ae)
     MUXCY:CI->O           1   0.059   0.000  blk00000196 (sig000001af)
     MUXCY:CI->O           1   0.059   0.000  blk00000198 (sig000001b0)
     MUXCY:CI->O           1   0.059   0.000  blk0000019a (sig000001b2)
     MUXCY:CI->O           1   0.059   0.000  blk0000019c (sig000001b3)
     MUXCY:CI->O           1   0.059   0.000  blk0000019e (sig000001b4)
     MUXCY:CI->O           1   0.059   0.000  blk000001a0 (sig000001b5)
     MUXCY:CI->O           1   0.059   0.000  blk000001a2 (sig000001b6)
     MUXCY:CI->O           1   0.059   0.000  blk000001a4 (sig000001b7)
     MUXCY:CI->O           1   0.059   0.000  blk000001a6 (sig000001b8)
     MUXCY:CI->O           1   0.059   0.000  blk000001a8 (sig000001b9)
     MUXCY:CI->O           1   0.059   0.000  blk000001aa (sig000001ba)
     MUXCY:CI->O           1   0.059   0.000  blk000001ac (sig000001bb)
     MUXCY:CI->O           1   0.059   0.000  blk000001ae (sig000001bd)
     MUXCY:CI->O           1   0.059   0.000  blk000001b0 (sig000001be)
     MUXCY:CI->O           1   0.059   0.000  blk000001b2 (sig000001bf)
     MUXCY:CI->O           1   0.059   0.000  blk000001b4 (sig000001c0)
     MUXCY:CI->O           1   0.059   0.000  blk000001b6 (sig000001c1)
     MUXCY:CI->O           1   0.059   0.000  blk000001b8 (sig000001c2)
     MUXCY:CI->O           1   0.059   0.000  blk000001ba (sig000001c3)
     MUXCY:CI->O           1   0.059   0.000  blk000001bc (sig000001c4)
     MUXCY:CI->O           1   0.059   0.000  blk000001be (sig000001c5)
     MUXCY:CI->O           1   0.059   0.000  blk000001c0 (sig000001c6)
     MUXCY:CI->O           1   0.059   0.000  blk000001c2 (sig000001c8)
     MUXCY:CI->O           1   0.059   0.000  blk000001c4 (sig000001c9)
     MUXCY:CI->O           1   0.059   0.000  blk000001c6 (sig000001ca)
     MUXCY:CI->O           1   0.059   0.000  blk000001c8 (sig000001cb)
     MUXCY:CI->O           1   0.059   0.000  blk000001ca (sig000001cc)
     MUXCY:CI->O           1   0.059   0.000  blk000001cc (sig000001cd)
     MUXCY:CI->O           1   0.059   0.000  blk000001ce (sig000001ce)
     MUXCY:CI->O           1   0.059   0.000  blk000001d0 (sig000001cf)
     MUXCY:CI->O           1   0.059   0.000  blk000001d2 (sig000001d0)
     MUXCY:CI->O           1   0.059   0.000  blk000001d4 (sig000001d1)
     MUXCY:CI->O           1   0.059   0.000  blk000001d6 (sig000001d3)
     MUXCY:CI->O           1   0.059   0.000  blk000001d8 (sig000001d4)
     MUXCY:CI->O           1   0.059   0.000  blk000001da (sig000001d5)
     MUXCY:CI->O           0   0.059   0.000  blk000001dc (sig000001d6)
     XORCY:CI->O           1   0.804   0.000  blk000001de (sig00000216)
     FDE:D                     0.308          blk000001df
    ----------------------------------------
    Total                      7.983ns (6.529ns logic, 1.454ns route)
                                       (81.8% logic, 18.2% route)

=========================================================================
Timing constraint: Default OFFSET IN BEFORE for Clock 'i_clock'
  Total number of paths / destination ports: 683 / 635
-------------------------------------------------------------------------
Offset:              5.909ns (Levels of Logic = 3)
  Source:            i_reset (PAD)
  Destination:       p0.vptat_ft_0 (FF)
  Destination Clock: i_clock rising

  Data Path: i_reset to p0.vptat_ft_0
                                Gate     Net
    Cell:in->out      fanout   Delay   Delay  Logical Name (Net Name)
    ----------------------------------------  ------------
     IBUF:I->O           334   1.218   1.362  i_reset_IBUF (i_reset_IBUF)
     LUT4_L:I3->LO         1   0.704   0.104  _n0378_inv_SW0 (N2)
     LUT4:I3->O           32   0.704   1.262  _n0378_inv (_n0378_inv)
     FDE:CE                    0.555          p0.vptat_ft_0
    ----------------------------------------
    Total                      5.909ns (3.181ns logic, 2.728ns route)
                                       (53.8% logic, 46.2% route)

=========================================================================
Timing constraint: Default OFFSET OUT AFTER for Clock 'i_clock'
  Total number of paths / destination ports: 33 / 33
-------------------------------------------------------------------------
Offset:              4.310ns (Levels of Logic = 1)
  Source:            o_rdy (FF)
  Destination:       o_rdy (PAD)
  Source Clock:      i_clock rising

  Data Path: o_rdy to o_rdy
                                Gate     Net
    Cell:in->out      fanout   Delay   Delay  Logical Name (Net Name)
    ----------------------------------------  ------------
     FDRS:C->Q             2   0.591   0.447  o_rdy (o_rdy_OBUF)
     OBUF:I->O                 3.272          o_rdy_OBUF (o_rdy)
    ----------------------------------------
    Total                      4.310ns (3.863ns logic, 0.447ns route)
                                       (89.6% logic, 10.4% route)

=========================================================================

Cross Clock Domains Report:
--------------------------

Clock to Setup on destination clock i_clock
---------------+---------+---------+---------+---------+
               | Src:Rise| Src:Fall| Src:Rise| Src:Fall|
Source Clock   |Dest:Rise|Dest:Rise|Dest:Fall|Dest:Fall|
---------------+---------+---------+---------+---------+
i_clock        |    7.983|         |         |         |
---------------+---------+---------+---------+---------+

=========================================================================


Total REAL time to Xst completion: 20.00 secs
Total CPU time to Xst completion: 19.69 secs
 
WARNING:Xst:3152 - You have chosen to run a version of XST which is not the default solution
   for the specified device family. You are free to use it in order to take
   advantage of its enhanced HDL parsing/elaboration capabilities. However,
   please be aware that you may be impacted by  language support differences.
   This version may also result in circuit performance and device utilization
   differences for your particular design. You can always revert back to the
   default XST solution by setting the "use_new_parser" option to value "no" 
   on the XST command line or in the XST process properties panel.
--> 


Total memory usage is 411400 kilobytes

Number of errors   :    0 (   0 filtered)
Number of warnings :   38 (   0 filtered)
Number of infos    :    7 (   0 filtered)

