
User Configuration
-------------------------------------
Algorithm				:	Minimum_Area
<<<<<<< HEAD
Memory Type				:	Single_Port_RAM
Port A Read Width		:	8
Port A Write Width		:	8
Memory Depth			:	4096
--------------------------------------------------------------

Block RAM resource(s) (18K BRAMs)		: 2
=======
Memory Type				:	Simple_Dual_Port_RAM
Port A Write Width		:	9
Port B Read Width		:	9
Memory Depth			:	768
--------------------------------------------------------------

Block RAM resource(s) (18K BRAMs)		: 1
>>>>>>> merge_1
--------------------------------------------------------------
Clock A Frequency		:  100
Port A Enable Rate		:  100
Port A Write Rate		:  50
----------------------------------------------------------
<<<<<<< HEAD
Estimated Power for IP : 4.8071989999999998 mW
=======
Estimated Power for IP : 5.651459 mW
>>>>>>> merge_1
----------------------------------------------------------
