Running : /home/ise/.local/Xilinx/10.1/ISE/bin/lin64/unwrapped/fuse -ise
/home/ise/ise_projects/kedziorno/mlx90640_fpga/ise101/ise101.ise -intstyle ise
-incremental -o tb_test1_isim_beh.exe -prj tb_test1_beh.prj -top tb_test1
Determining compilation order of HDL files
Analyzing VHDL file ../p_fphdl_package3.vhd
Restoring VHDL parse-tree ieee.std_logic_1164 from
/home/ise/.local/Xilinx/10.1/ISE/vhdl/hdp/lin64/ieee/std_logic_1164.vdb
Restoring VHDL parse-tree std.standard from
/home/ise/.local/Xilinx/10.1/ISE/vhdl/hdp/lin64/std/standard.vdb
Restoring VHDL parse-tree ieee.numeric_std from
/home/ise/.local/Xilinx/10.1/ISE/vhdl/hdp/lin64/ieee/numeric_std.vdb
Restoring VHDL parse-tree ieee.math_real from
/home/ise/.local/Xilinx/10.1/ISE/vhdl/hdp/lin64/ieee/math_real.vdb
Restoring VHDL parse-tree ieee_proposed.float_pkg from
/home/ise/.local/Xilinx/10.1/ISE/vhdl/hdp/lin64/ieee_proposed/float_pkg.vdb
Restoring VHDL parse-tree std.textio from
/home/ise/.local/Xilinx/10.1/ISE/vhdl/hdp/lin64/std/textio.vdb
Restoring VHDL parse-tree ieee_proposed.fixed_pkg from
/home/ise/.local/Xilinx/10.1/ISE/vhdl/hdp/lin64/ieee_proposed/fixed_pkg.vdb
Restoring VHDL parse-tree ieee.std_logic_textio from
/home/ise/.local/Xilinx/10.1/ISE/vhdl/hdp/lin64/ieee/std_logic_textio.vdb
Analyzing VHDL file ../p_fphdl_package1.vhd
ERROR:HDLCompiler:104 - "../p_fphdl_package1.vhd" Line 8. 'fixed_float_types' is
   not compiled in library ieee_proposed
ERROR:HDLCompiler:854 - "../p_fphdl_package1.vhd" Line 16. Unit p_fphdl_package1
   ignored due to previous errors
ERROR:HDLCompiler:688 - "../p_fphdl_package1.vhd" Line 112. Package declaration
   p_fphdl_package1 is not yet compiled
VHDL file ../p_fphdl_package1.vhd ignored due to errors
