Command line:
   ./tb_test1_isim_beh.exe
     -intstyle  ise
     -ipchost  localhost
     -ipcport  38982

Tue Apr  2 20:25:39 2024

Total Line Count : 6047

 Elaboration Time: 0.3 sec

 Current Memory Usage: 362.68 Meg

 Total Signals          : 3324
 Total Nets             : 90246
 Total Signal Drivers   : 1671
 Total Blocks           : 293
 Total Primitive Blocks : 203
 Total Processes        : 1135
 Total Traceable Variables  : 5855
 Total Scalar Nets and Variables : 1178867

 Total Simulation Time: 0.4 sec

 Current Memory Usage: 540.91 Meg

Tue Apr  2 20:25:49 2024

